2025-04-11 14:42:21,958 INFO [main] c.d.w.VisitedUrlsManager [VisitedUrlsManager.java:41] Loaded 2820 visited URLs from file.
2025-04-11 14:42:22,030 INFO [main] o.q.i.StdSchedulerFactory [StdSchedulerFactory.java:1220] Using default implementation for ThreadExecutor
2025-04-11 14:42:22,035 INFO [main] o.q.s.SimpleThreadPool [SimpleThreadPool.java:268] Job execution threads will use class loader of thread: main
2025-04-11 14:42:22,051 INFO [main] o.q.c.SchedulerSignalerImpl [SchedulerSignalerImpl.java:61] Initialized Scheduler Signaller of type: class org.quartz.core.SchedulerSignalerImpl
2025-04-11 14:42:22,052 INFO [main] o.q.c.QuartzScheduler [QuartzScheduler.java:229] Quartz Scheduler v.2.3.2 created.
2025-04-11 14:42:22,053 INFO [main] o.q.s.RAMJobStore [RAMJobStore.java:155] RAMJobStore initialized.
2025-04-11 14:42:22,054 INFO [main] o.q.c.QuartzScheduler [QuartzScheduler.java:294] Scheduler meta-data: Quartz Scheduler (v2.3.2) 'DefaultQuartzScheduler' with instanceId 'NON_CLUSTERED'
  Scheduler class: 'org.quartz.core.QuartzScheduler' - running locally.
  NOT STARTED.
  Currently in standby mode.
  Number of jobs executed: 0
  Using thread pool 'org.quartz.simpl.SimpleThreadPool' - with 10 threads.
  Using job-store 'org.quartz.simpl.RAMJobStore' - which does not support persistence. and is not clustered.

2025-04-11 14:42:22,054 INFO [main] o.q.i.StdSchedulerFactory [StdSchedulerFactory.java:1374] Quartz scheduler 'DefaultQuartzScheduler' initialized from default resource file in Quartz package: 'quartz.properties'
2025-04-11 14:42:22,054 INFO [main] o.q.i.StdSchedulerFactory [StdSchedulerFactory.java:1378] Quartz scheduler version: 2.3.2
2025-04-11 14:42:22,061 INFO [main] o.q.c.QuartzScheduler [QuartzScheduler.java:547] Scheduler DefaultQuartzScheduler_$_NON_CLUSTERED started.
2025-04-11 14:42:22,061 INFO [main] c.d.w.MainCrawler [MainCrawler.java:38] Web crawler started
2025-04-11 14:42:22,071 INFO [DefaultQuartzScheduler_Worker-1] c.d.w.CrawlWebsiteJob [CrawlWebsiteJob.java:27] Starting scheduled crawl job...
2025-04-11 14:42:22,071 INFO [DefaultQuartzScheduler_Worker-1] c.d.w.WebCrawler [WebCrawler.java:40] Starting BFS crawl from: https://dantri.com.vn/
2025-04-11 14:42:22,072 INFO [DefaultQuartzScheduler_Worker-1] c.d.w.WebCrawler [WebCrawler.java:133] Data spans 6 months or more, using default max level: 2
2025-04-11 14:42:22,073 INFO [DefaultQuartzScheduler_Worker-1] c.d.w.WebCrawler [WebCrawler.java:43] Max level for this crawl: 2
2025-04-11 14:43:29,456 INFO [DefaultQuartzScheduler_Worker-1] c.d.w.ArticleParser [ArticleParser.java:109] Parsed article: Thường xuyên không ăn sáng có sao không?
2025-04-11 14:43:29,796 INFO [DefaultQuartzScheduler_Worker-1] c.d.w.ArticleParser [ArticleParser.java:109] Parsed article: Học người Nhật cho một thứ vào cơm giúp bổ tim, dưỡng nhan
2025-04-11 14:43:30,144 INFO [DefaultQuartzScheduler_Worker-1] c.d.w.ArticleParser [ArticleParser.java:109] Parsed article: Ăn rau trước khi ăn cơm có tốt cho sức khỏe hơn không?
2025-04-11 14:43:30,529 INFO [DefaultQuartzScheduler_Worker-1] c.d.w.ArticleParser [ArticleParser.java:109] Parsed article: Ngày nào cũng uống một cốc cà phê đen: Lợi hay hại?
2025-04-11 14:43:30,876 INFO [DefaultQuartzScheduler_Worker-1] c.d.w.ArticleParser [ArticleParser.java:109] Parsed article: Loại nước uống rẻ bèo giúp kiểm soát mỡ máu
2025-04-11 14:43:31,215 INFO [DefaultQuartzScheduler_Worker-1] c.d.w.ArticleParser [ArticleParser.java:109] Parsed article: Thịt gà có nhiều cholesterol không?
2025-04-11 14:43:31,564 INFO [DefaultQuartzScheduler_Worker-1] c.d.w.ArticleParser [ArticleParser.java:109] Parsed article: Ăn chuối gây tăng cân hay giúp giảm cân?
2025-04-11 14:43:31,907 INFO [DefaultQuartzScheduler_Worker-1] c.d.w.ArticleParser [ArticleParser.java:109] Parsed article: Bác sĩ Nhật U90 chia sẻ 3 món ăn quen thuộc để tránh bệnh tim, tiểu đường
2025-04-11 14:43:32,252 INFO [DefaultQuartzScheduler_Worker-1] c.d.w.ArticleParser [ArticleParser.java:109] Parsed article: 7 loại đồ uống dễ làm tại nhà giúp giảm mỡ máu
2025-04-11 14:43:32,593 INFO [DefaultQuartzScheduler_Worker-1] c.d.w.ArticleParser [ArticleParser.java:109] Parsed article: Luộc trứng: Nhiều người làm sai
2025-04-11 14:43:32,943 INFO [DefaultQuartzScheduler_Worker-1] c.d.w.ArticleParser [ArticleParser.java:109] Parsed article: Cà phê trứng: Lý do bạn nên thử đồ uống độc lạ này
2025-04-11 14:43:33,291 INFO [DefaultQuartzScheduler_Worker-1] c.d.w.ArticleParser [ArticleParser.java:109] Parsed article: 3 cách uống nước khiến tim khỏe đến mấy cũng đổ bệnh
2025-04-11 14:43:33,636 INFO [DefaultQuartzScheduler_Worker-1] c.d.w.ArticleParser [ArticleParser.java:109] Parsed article: Ngày nào cũng ăn 1-2 quả trứng có gây hại cho tim không?
2025-04-11 14:43:33,977 INFO [DefaultQuartzScheduler_Worker-1] c.d.w.ArticleParser [ArticleParser.java:109] Parsed article: Giấm táo có thực sự tốt như lời đồn, có an toàn để sử dụng?
2025-04-11 14:43:34,326 INFO [DefaultQuartzScheduler_Worker-1] c.d.w.ArticleParser [ArticleParser.java:109] Parsed article: Mắc bệnh tuyến giáp ăn đậu phụ có sao không?
2025-04-11 14:43:34,670 INFO [DefaultQuartzScheduler_Worker-1] c.d.w.ArticleParser [ArticleParser.java:109] Parsed article: 5 thực phẩm cần hạn chế và những món nên ăn để sống khỏe, sống thọ
2025-04-11 14:43:35,711 INFO [DefaultQuartzScheduler_Worker-1] c.d.w.ArticleParser [ArticleParser.java:109] Parsed article: Thủ dâm ở nam giới: Lợi ích và tác hại
2025-04-11 14:43:36,056 INFO [DefaultQuartzScheduler_Worker-1] c.d.w.ArticleParser [ArticleParser.java:109] Parsed article: Loại quả được coi là "thần dược phòng the", 500.000 đồng/kg vẫn hút khách
2025-04-11 14:43:36,400 INFO [DefaultQuartzScheduler_Worker-1] c.d.w.ArticleParser [ArticleParser.java:109] Parsed article: Đi khám vì viêm bao quy đầu, vô tình phát hiện ra cả đống bệnh
2025-04-11 14:43:36,741 INFO [DefaultQuartzScheduler_Worker-1] c.d.w.ArticleParser [ArticleParser.java:109] Parsed article: Không có tinh trùng, nam giới có thể sinh con?
2025-04-11 14:43:37,091 INFO [DefaultQuartzScheduler_Worker-1] c.d.w.ArticleParser [ArticleParser.java:109] Parsed article: Có dấu hiệu này nam giới cần đi khám ngay nếu không muốn "nghỉ hưu non"
2025-04-11 14:43:37,437 INFO [DefaultQuartzScheduler_Worker-1] c.d.w.ArticleParser [ArticleParser.java:109] Parsed article: Xử trí như thế nào nếu dương vật bị gãy, chấn thương?
2025-04-11 14:43:37,774 INFO [DefaultQuartzScheduler_Worker-1] c.d.w.ArticleParser [ArticleParser.java:109] Parsed article: Phá thai tuổi vị thành niên: Gần một nửa là phá thai to
2025-04-11 14:43:38,120 INFO [DefaultQuartzScheduler_Worker-1] c.d.w.ArticleParser [ArticleParser.java:109] Parsed article: Lợi ích và tác hại của thủ dâm ở cả hai giới
2025-04-11 14:43:38,461 INFO [DefaultQuartzScheduler_Worker-1] c.d.w.ArticleParser [ArticleParser.java:109] Parsed article: Những dấu hiệu nam khoa nguy hiểm quý ông cần đi khám ngay
2025-04-11 14:43:38,807 INFO [DefaultQuartzScheduler_Worker-1] c.d.w.ArticleParser [ArticleParser.java:109] Parsed article: Nguyên nhân nào dẫn đến tinh dịch loãng?
2025-04-11 14:43:39,145 INFO [DefaultQuartzScheduler_Worker-1] c.d.w.ArticleParser [ArticleParser.java:109] Parsed article: Cơn đau bìu tưởng bình thường nhưng là cấp cứu tối khẩn cấp
2025-04-11 14:43:39,483 INFO [DefaultQuartzScheduler_Worker-1] c.d.w.ArticleParser [ArticleParser.java:109] Parsed article: "Món tủ" dễ khiến chị em già nhanh, ảnh hưởng chức năng sinh lý
2025-04-11 14:43:39,820 INFO [DefaultQuartzScheduler_Worker-1] c.d.w.ArticleParser [ArticleParser.java:109] Parsed article: Loại củ được mệnh danh "gia vị của cuộc sống" đặc biệt tốt với nam giới
2025-04-11 14:43:40,157 INFO [DefaultQuartzScheduler_Worker-1] c.d.w.ArticleParser [ArticleParser.java:109] Parsed article: Nam thanh niên tự lấy kéo cắt dương vật do bị ảo thanh
2025-04-11 14:43:40,495 INFO [DefaultQuartzScheduler_Worker-1] c.d.w.ArticleParser [ArticleParser.java:109] Parsed article: Yoga tốt cho "chuyện ấy" của nam giới như thế nào?
2025-04-11 14:43:40,833 INFO [DefaultQuartzScheduler_Worker-1] c.d.w.ArticleParser [ArticleParser.java:109] Parsed article: Ăn rau răm có làm suy giảm sinh lực nam giới?
2025-04-11 14:43:41,173 INFO [DefaultQuartzScheduler_Worker-1] c.d.w.ArticleParser [ArticleParser.java:109] Parsed article: Rối loạn cương dương có chữa được không?
2025-04-11 14:43:41,513 INFO [DefaultQuartzScheduler_Worker-1] c.d.w.ArticleParser [ArticleParser.java:109] Parsed article: Hà Nội: Quý ông nhận kết đắng khi nâng cấp "vùng nhạy cảm"
2025-04-11 14:43:41,849 INFO [DefaultQuartzScheduler_Worker-1] c.d.w.ArticleParser [ArticleParser.java:109] Parsed article: Có phải "chỗ ấy" càng dài, chị em càng thỏa mãn?
2025-04-11 14:43:42,184 INFO [DefaultQuartzScheduler_Worker-1] c.d.w.ArticleParser [ArticleParser.java:109] Parsed article: Chiều dài dương vật bao nhiêu là ngắn?
2025-04-11 14:43:50,324 INFO [DefaultQuartzScheduler_Worker-1] c.d.w.ArticleParser [ArticleParser.java:109] Parsed article: Khán giả buồn vì "anh chồng làng chài" Park Bo Gum ít đất diễn, NSX nói gì?
2025-04-11 14:43:50,680 INFO [DefaultQuartzScheduler_Worker-1] c.d.w.ArticleParser [ArticleParser.java:109] Parsed article: Vì sao phim Việt hóa "Cha tôi, người ở lại" gây sốt, lấn át bản gốc?
2025-04-11 14:43:51,024 INFO [DefaultQuartzScheduler_Worker-1] c.d.w.ArticleParser [ArticleParser.java:109] Parsed article: Ngoại hình trẻ trung và đời tư bí ẩn của "Võ Tắc Thiên" Lưu Hiểu Khánh
2025-04-11 14:43:51,395 INFO [DefaultQuartzScheduler_Worker-1] c.d.w.ArticleParser [ArticleParser.java:109] Parsed article: Cuộc sống gây tò mò của "Tình Nhi" Vương Diễm ở tuổi 51
2025-04-11 14:43:51,739 INFO [DefaultQuartzScheduler_Worker-1] c.d.w.ArticleParser [ArticleParser.java:109] Parsed article: Bạch Công Khanh phản hồi tin đồn hẹn hò Lan Thy
2025-04-11 14:43:52,082 INFO [DefaultQuartzScheduler_Worker-1] c.d.w.ArticleParser [ArticleParser.java:109] Parsed article: "Nàng Bạch Tuyết" bị giới chuyên môn chấm điểm thấp, doanh thu thảm hại
2025-04-11 14:43:52,424 INFO [DefaultQuartzScheduler_Worker-1] c.d.w.ArticleParser [ArticleParser.java:109] Parsed article: Hoàng Thùy Linh thông báo kế hoạch sau khi phim tài liệu rời rạp
2025-04-11 14:43:52,775 INFO [DefaultQuartzScheduler_Worker-1] c.d.w.ArticleParser [ArticleParser.java:109] Parsed article: Phim Việt hóa trở lại màn ảnh VTV: "Con dao hai lưỡi", bom tấn hay bom xịt?
2025-04-11 14:43:53,117 INFO [DefaultQuartzScheduler_Worker-1] c.d.w.ArticleParser [ArticleParser.java:109] Parsed article: Tình trạng hiện tại của tài tử Kim Soo Hyun giữa bão scandal
2025-04-11 14:43:53,466 INFO [DefaultQuartzScheduler_Worker-1] c.d.w.ArticleParser [ArticleParser.java:109] Parsed article: NSƯT Bùi Như Lai "Cha tôi, người ở lại": Nhận mình lạnh lùng, sợ… nổi tiếng
2025-04-11 14:43:53,822 INFO [DefaultQuartzScheduler_Worker-1] c.d.w.ArticleParser [ArticleParser.java:109] Parsed article: Hồng Đào thử sức lồng tiếng, bị hấp dẫn bởi câu chuyện lừa tình trên mạng
2025-04-11 14:43:54,165 INFO [DefaultQuartzScheduler_Worker-1] c.d.w.ArticleParser [ArticleParser.java:109] Parsed article: Triệu Lệ Dĩnh chấp nhận trở nên xấu xí để "bước qua vùng an toàn"
2025-04-11 14:43:54,512 INFO [DefaultQuartzScheduler_Worker-1] c.d.w.ArticleParser [ArticleParser.java:109] Parsed article: Tài tử Hàn Quốc thừa nhận đang gánh nợ 9 tỷ đồng
2025-04-11 14:43:54,855 INFO [DefaultQuartzScheduler_Worker-1] c.d.w.ArticleParser [ArticleParser.java:109] Parsed article: Hồng Nhung "Giọng hát Việt nhí 2014" áp lực khi lồng tiếng vai Bạch Tuyết
2025-04-11 14:43:55,196 INFO [DefaultQuartzScheduler_Worker-1] c.d.w.ArticleParser [ArticleParser.java:109] Parsed article: "Quỷ nhập tràng" vượt 128 tỷ, là phim kinh dị Việt ăn khách nhất lịch sử
2025-04-11 14:43:55,542 INFO [DefaultQuartzScheduler_Worker-1] c.d.w.ArticleParser [ArticleParser.java:109] Parsed article: Tân Trề "lột xác" với vai hành động, chạm trán Huy Khánh
2025-04-11 14:43:55,888 INFO [DefaultQuartzScheduler_Worker-1] c.d.w.ArticleParser [ArticleParser.java:109] Parsed article: Lý Hải tiếp tục làm phim về gia đình, Long Đẹp Trai đảm nhận vai chính
2025-04-11 14:43:56,233 INFO [DefaultQuartzScheduler_Worker-1] c.d.w.ArticleParser [ArticleParser.java:109] Parsed article: Phim ca nhạc "Trường Sa - Bến bờ trong nhau" đạt Giải vàng LHTH Toàn quốc
2025-04-11 14:43:56,578 INFO [DefaultQuartzScheduler_Worker-1] c.d.w.ArticleParser [ArticleParser.java:109] Parsed article: Quốc Trường, Mạc Văn Khoa đóng phim kinh dị
2025-04-11 14:43:56,919 INFO [DefaultQuartzScheduler_Worker-1] c.d.w.ArticleParser [ArticleParser.java:109] Parsed article: Bộ phim truyền hình Hàn Quốc đang gây sốt toàn cầu
2025-04-11 14:43:59,307 INFO [DefaultQuartzScheduler_Worker-1] c.d.w.ArticleParser [ArticleParser.java:109] Parsed article: Gan khỏe hơn nhờ ăn loại trái cây phổ biến này
2025-04-11 14:43:59,646 INFO [DefaultQuartzScheduler_Worker-1] c.d.w.ArticleParser [ArticleParser.java:109] Parsed article: 5 loại thực phẩm giúp cải thiện tâm trạng của bạn
2025-04-11 14:43:59,992 INFO [DefaultQuartzScheduler_Worker-1] c.d.w.ArticleParser [ArticleParser.java:109] Parsed article: Ăn rau có làm tăng axit uric?
2025-04-11 14:44:00,355 INFO [DefaultQuartzScheduler_Worker-1] c.d.w.ArticleParser [ArticleParser.java:109] Parsed article: Hai món "màu đen" chợ nào cũng có giúp đốt mỡ, giảm cân
2025-04-11 14:44:00,697 INFO [DefaultQuartzScheduler_Worker-1] c.d.w.ArticleParser [ArticleParser.java:109] Parsed article: 5 loại thực phẩm bạn nên sử dụng trước khi đi ngủ
2025-04-11 14:44:01,070 INFO [DefaultQuartzScheduler_Worker-1] c.d.w.ArticleParser [ArticleParser.java:109] Parsed article: Ăn bao nhiêu thịt là quá nhiều, 6 dấu hiệu bạn nên cắt giảm
2025-04-11 14:44:01,411 INFO [DefaultQuartzScheduler_Worker-1] c.d.w.ArticleParser [ArticleParser.java:109] Parsed article: Nước ép cần tây có thực sự giúp giảm cân, ai không nên uống?
2025-04-11 14:44:01,751 INFO [DefaultQuartzScheduler_Worker-1] c.d.w.ArticleParser [ArticleParser.java:109] Parsed article: 6 cách ăn chuối giúp cân nặng "tụt dốc" không phanh
2025-04-11 14:44:02,095 INFO [DefaultQuartzScheduler_Worker-1] c.d.w.ArticleParser [ArticleParser.java:109] Parsed article: Axit uric cao, hãy tiêu thụ nhiều hơn 6 thực phẩm này
2025-04-11 14:44:02,435 INFO [DefaultQuartzScheduler_Worker-1] c.d.w.ArticleParser [ArticleParser.java:109] Parsed article: Người Việt nên quay về với bữa ăn truyền thống
2025-04-11 14:44:02,773 INFO [DefaultQuartzScheduler_Worker-1] c.d.w.ArticleParser [ArticleParser.java:109] Parsed article: 7 mẹo uống trà vừa giúp giảm cân vừa tốt cho sức khỏe
2025-04-11 14:44:03,115 INFO [DefaultQuartzScheduler_Worker-1] c.d.w.ArticleParser [ArticleParser.java:109] Parsed article: Loại rau "ra chợ là có" được xem là khắc tinh của ung thư
2025-04-11 14:44:03,454 INFO [DefaultQuartzScheduler_Worker-1] c.d.w.ArticleParser [ArticleParser.java:109] Parsed article: Ăn khoai lang cần biết điều này để không gây hại
2025-04-11 14:44:03,793 INFO [DefaultQuartzScheduler_Worker-1] c.d.w.ArticleParser [ArticleParser.java:109] Parsed article: Lợi ích tuyệt vời của nước dừa trong phòng tránh bệnh sỏi thận
2025-04-11 14:44:04,138 INFO [DefaultQuartzScheduler_Worker-1] c.d.w.ArticleParser [ArticleParser.java:109] Parsed article: Những lợi ích bất ngờ của mầm súp lơ xanh
2025-04-11 14:44:04,555 INFO [DefaultQuartzScheduler_Worker-1] c.d.w.ArticleParser [ArticleParser.java:109] Parsed article: 6 lợi ích sức khỏe của cà phê được khoa học chứng minh
2025-04-11 14:44:04,896 INFO [DefaultQuartzScheduler_Worker-1] c.d.w.ArticleParser [ArticleParser.java:109] Parsed article: Danh sách thực phẩm làm tăng axit uric bạn cần thuộc lòng
2025-04-11 14:44:05,234 INFO [DefaultQuartzScheduler_Worker-1] c.d.w.ArticleParser [ArticleParser.java:109] Parsed article: Cách ăn rau muống khiến sán lúc nhúc trong gan người đàn ông
2025-04-11 14:44:15,144 INFO [DefaultQuartzScheduler_Worker-1] c.d.w.ArticleParser [ArticleParser.java:109] Parsed article: Trao áo đấu có chữ ký Erling Haaland tới độc giả Dân trí thắng cuộc thi "Sống lành mạnh cùng hải sản Na Uy"
2025-04-11 14:44:15,484 INFO [DefaultQuartzScheduler_Worker-1] c.d.w.ArticleParser [ArticleParser.java:109] Parsed article: Tuổi trẻ Bộ LĐ-TB&XH san sẻ gánh nặng người dân vùng sạt lở Lào Cai
2025-04-11 14:44:15,830 INFO [DefaultQuartzScheduler_Worker-1] c.d.w.ArticleParser [ArticleParser.java:109] Parsed article: Khu tổ hợp đẹp như phố Hàn ở Hà Nội, hút cả khách nước ngoài tới check-in
2025-04-11 14:44:16,174 INFO [DefaultQuartzScheduler_Worker-1] c.d.w.ArticleParser [ArticleParser.java:109] Parsed article: "Nàng thơ" dậy từ 5h, không ngại đi 120km check-in mùa thu Hà Nội
2025-04-11 14:44:16,520 INFO [DefaultQuartzScheduler_Worker-1] c.d.w.ArticleParser [ArticleParser.java:109] Parsed article: Nữ sinh Bắc Giang có hai màu mắt: Trải qua 5 lần phẫu thuật vẫn yêu đời
2025-04-11 14:44:16,893 INFO [DefaultQuartzScheduler_Worker-1] c.d.w.ArticleParser [ArticleParser.java:109] Parsed article: Nam sinh trường Đại học Sư phạm gây sốt với vẻ ngoài điển trai
2025-04-11 14:44:17,238 INFO [DefaultQuartzScheduler_Worker-1] c.d.w.ArticleParser [ArticleParser.java:109] Parsed article: 3 khu tổ hợp đình đám Hà Nội một thời: Nơi hoang tàn, chỗ lặng lẽ biến mất
2025-04-11 14:44:17,584 INFO [DefaultQuartzScheduler_Worker-1] c.d.w.ArticleParser [ArticleParser.java:109] Parsed article: Đồ chơi Baby Three có gì đặc biệt khiến Gen Z mê mẩn, lấn át cả Labubu?
2025-04-11 14:44:17,928 INFO [DefaultQuartzScheduler_Worker-1] c.d.w.ArticleParser [ArticleParser.java:109] Parsed article: Học sinh Việt Nam nhận học bổng của trường đại học top 1% thế giới
2025-04-11 14:44:18,273 INFO [DefaultQuartzScheduler_Worker-1] c.d.w.ArticleParser [ArticleParser.java:109] Parsed article: Nữ sinh trả lại phòng ngập rác, chủ trọ dọn 4 ngày chở 7 chuyến ô tô đi đổ
2025-04-11 14:44:18,618 INFO [DefaultQuartzScheduler_Worker-1] c.d.w.ArticleParser [ArticleParser.java:109] Parsed article: Giới trẻ chụp ảnh, check-in với tòa nhà Pháp cổ đẹp như châu Âu ở Hà Nội
2025-04-11 14:44:18,955 INFO [DefaultQuartzScheduler_Worker-1] c.d.w.ArticleParser [ArticleParser.java:109] Parsed article: Những điều Gen Z cần lưu ý để làm việc hết mình mà không bị quá tải
2025-04-11 14:44:19,307 INFO [DefaultQuartzScheduler_Worker-1] c.d.w.ArticleParser [ArticleParser.java:109] Parsed article: Thời trang đến trường của gen Z ở Hà Nội: Chất nhưng kín đáo, trẻ trung
2025-04-11 14:44:19,650 INFO [DefaultQuartzScheduler_Worker-1] c.d.w.ArticleParser [ArticleParser.java:109] Parsed article: Cô gái ở Hà Nội ngồi cà phê vẫn kiếm... nghìn USD mỗi tháng
2025-04-11 14:44:19,997 INFO [DefaultQuartzScheduler_Worker-1] c.d.w.ArticleParser [ArticleParser.java:109] Parsed article: Giới trẻ Hà Nội thức xuyên đêm lấy chỗ, chi gần 80 triệu đồng "săn" Labubu
2025-04-11 14:44:20,355 INFO [DefaultQuartzScheduler_Worker-1] c.d.w.ArticleParser [ArticleParser.java:109] Parsed article: Gen Z đi từ 6h, né cuối tuần vẫn gặp biển người ở Bảo tàng Lịch sử Quân sự
2025-04-11 14:44:20,695 INFO [DefaultQuartzScheduler_Worker-1] c.d.w.ArticleParser [ArticleParser.java:109] Parsed article: Chuyện tình hot girl Thái Lan "tán đổ" chàng trai Việt kém 9 tuổi qua mạng
2025-04-11 14:44:21,036 INFO [DefaultQuartzScheduler_Worker-1] c.d.w.ArticleParser [ArticleParser.java:109] Parsed article: Không thích đàn ông trong nước, Gen Z Australia xuất ngoại tìm tình yêu
2025-04-11 14:44:21,378 INFO [DefaultQuartzScheduler_Worker-1] c.d.w.ArticleParser [ArticleParser.java:109] Parsed article: Nhiều người… nhỡ tàu vì mải chụp ảnh cùng tác phẩm độc đáo tại ga Cầu Giấy
2025-04-11 14:44:21,722 INFO [DefaultQuartzScheduler_Worker-1] c.d.w.ArticleParser [ArticleParser.java:109] Parsed article: Gen Z gợi ý những góc check-in đẹp tại Bảo tàng Lịch sử Quân sự Việt Nam
2025-04-11 14:44:24,340 INFO [DefaultQuartzScheduler_Worker-1] c.d.w.ArticleParser [ArticleParser.java:109] Parsed article: Ở tuổi 34 người phụ nữ bất ngờ mắc loại ung thư hay gặp ở người hút thuốc
2025-04-11 14:44:24,681 INFO [DefaultQuartzScheduler_Worker-1] c.d.w.ArticleParser [ArticleParser.java:109] Parsed article: Những lợi ích bất ngờ khi ăn ớt cay
2025-04-11 14:44:25,019 INFO [DefaultQuartzScheduler_Worker-1] c.d.w.ArticleParser [ArticleParser.java:109] Parsed article: Bệnh nhân ung thư được mổ cắt gan bằng robot hiện đại
2025-04-11 14:44:25,361 INFO [DefaultQuartzScheduler_Worker-1] c.d.w.ArticleParser [ArticleParser.java:109] Parsed article: Xem bác sĩ truy tìm mạch máu 3mm cứu "kho đạn" của quý ông
2025-04-11 14:44:25,698 INFO [DefaultQuartzScheduler_Worker-1] c.d.w.ArticleParser [ArticleParser.java:109] Parsed article: Vụ công nhân nghi ngộ độc sau bữa ăn: Thêm 19 người nhập viện
2025-04-11 14:44:26,036 INFO [DefaultQuartzScheduler_Worker-1] c.d.w.ArticleParser [ArticleParser.java:109] Parsed article: Vaccine ung thư phổi của Cuba được cấp phép tại Belarus
2025-04-11 14:44:26,382 INFO [DefaultQuartzScheduler_Worker-1] c.d.w.ArticleParser [ArticleParser.java:109] Parsed article: Sắp có vaccine ngừa bệnh ung thư da nguy hiểm nhất?
2025-04-11 14:44:26,719 INFO [DefaultQuartzScheduler_Worker-1] c.d.w.ArticleParser [ArticleParser.java:109] Parsed article: Sau 1 tuần chán ăn, sụt cân, đi khám bất ngờ phát hiện mắc 2 loại ung thư
2025-04-11 14:44:27,059 INFO [DefaultQuartzScheduler_Worker-1] c.d.w.ArticleParser [ArticleParser.java:109] Parsed article: Nhiễm độc thạch tín từ nguyên nhân không ngờ
2025-04-11 14:44:27,397 INFO [DefaultQuartzScheduler_Worker-1] c.d.w.ArticleParser [ArticleParser.java:109] Parsed article: Người đàn ông 30 tuổi đã mắc ung thư tinh hoàn
2025-04-11 14:44:27,736 INFO [DefaultQuartzScheduler_Worker-1] c.d.w.ArticleParser [ArticleParser.java:109] Parsed article: Ung thư gia tăng ở người trẻ, giảm ở người già
2025-04-11 14:44:28,073 INFO [DefaultQuartzScheduler_Worker-1] c.d.w.ArticleParser [ArticleParser.java:109] Parsed article: Người phụ nữ Hà Nội nguy kịch vì "nuôi" khối u suốt cả năm
2025-04-11 14:44:28,414 INFO [DefaultQuartzScheduler_Worker-1] c.d.w.ArticleParser [ArticleParser.java:109] Parsed article: Cụ bà 85 tuổi người Nhật sống sót sau ung thư: 5 điều ai cũng có thể học
2025-04-11 14:44:28,747 INFO [DefaultQuartzScheduler_Worker-1] c.d.w.ArticleParser [ArticleParser.java:109] Parsed article: Mỗi năm Việt Nam có 180.000 ca mắc ung thư mới
2025-04-11 14:44:29,317 INFO [DefaultQuartzScheduler_Worker-1] c.d.w.ArticleParser [ArticleParser.java:109] Parsed article: Đi mổ ruột thừa, người phụ nữ phát hiện khối u lớn ở phổi
2025-04-11 14:44:45,878 INFO [DefaultQuartzScheduler_Worker-1] c.d.w.ArticleParser [ArticleParser.java:109] Parsed article: Sở Giáo dục TPHCM xin tăng thêm chỉ tiêu lớp 10 của 3 trường THPT
2025-04-11 14:44:59,855 INFO [DefaultQuartzScheduler_Worker-1] c.d.w.ArticleParser [ArticleParser.java:109] Parsed article: Phát hiện mối liên hệ bất ngờ giữa cà phê và bệnh gan
2025-04-11 14:45:00,192 INFO [DefaultQuartzScheduler_Worker-1] c.d.w.ArticleParser [ArticleParser.java:109] Parsed article: Loại gia vị số 1 giúp giảm mỡ máu cao
2025-04-11 14:45:00,531 INFO [DefaultQuartzScheduler_Worker-1] c.d.w.ArticleParser [ArticleParser.java:109] Parsed article: Dừng ăn cà rốt ngay nếu xuất hiện triệu chứng này
2025-04-11 14:45:00,869 INFO [DefaultQuartzScheduler_Worker-1] c.d.w.ArticleParser [ArticleParser.java:109] Parsed article: Sáng nào cũng ăn trứng có sao không?
2025-04-11 14:45:01,209 INFO [DefaultQuartzScheduler_Worker-1] c.d.w.ArticleParser [ArticleParser.java:109] Parsed article: Nghiên cứu mới phát hiện cà phê giúp duy trì cơ bắp khi chúng ta già đi
2025-04-11 14:45:01,549 INFO [DefaultQuartzScheduler_Worker-1] c.d.w.ArticleParser [ArticleParser.java:109] Parsed article: Lợi ích bất ngờ khi ăn sô cô la
2025-04-11 14:45:01,885 INFO [DefaultQuartzScheduler_Worker-1] c.d.w.ArticleParser [ArticleParser.java:109] Parsed article: Phát hiện mới về mối liên hệ giữa cà phê và bệnh ung thư
2025-04-11 14:45:02,226 INFO [DefaultQuartzScheduler_Worker-1] c.d.w.ArticleParser [ArticleParser.java:109] Parsed article: Loại gia vị chống ung thư vượt trội bán đầy chợ Việt
2025-04-11 14:45:02,571 INFO [DefaultQuartzScheduler_Worker-1] c.d.w.ArticleParser [ArticleParser.java:109] Parsed article: Uống nước trái cây có giúp giải độc gan sau bia rượu?
2025-04-11 14:45:02,927 INFO [DefaultQuartzScheduler_Worker-1] c.d.w.ArticleParser [ArticleParser.java:109] Parsed article: Tác hại tiềm ẩn từ cà phê decaf mà nhiều chị em ưa chuộng
2025-04-11 14:45:03,277 INFO [DefaultQuartzScheduler_Worker-1] c.d.w.ArticleParser [ArticleParser.java:109] Parsed article: Trẻ em ở tuổi nào có thể ăn chay?
2025-04-11 14:45:03,639 INFO [DefaultQuartzScheduler_Worker-1] c.d.w.ArticleParser [ArticleParser.java:109] Parsed article: Trứng gà tốt hay xấu cho mỡ máu?
2025-04-11 14:45:03,995 INFO [DefaultQuartzScheduler_Worker-1] c.d.w.ArticleParser [ArticleParser.java:109] Parsed article: Top thực phẩm giàu cholesterol: Nên và không nên ăn gì?
2025-04-11 14:45:04,339 INFO [DefaultQuartzScheduler_Worker-1] c.d.w.ArticleParser [ArticleParser.java:109] Parsed article: Những "siêu thực phẩm" tốt cho sức khỏe có trong bát phở
2025-04-11 14:45:04,687 INFO [DefaultQuartzScheduler_Worker-1] c.d.w.ArticleParser [ArticleParser.java:109] Parsed article: Nên uống cà phê trước hay sau khi dùng bữa sáng?
2025-04-11 14:45:05,078 INFO [DefaultQuartzScheduler_Worker-1] c.d.w.ArticleParser [ArticleParser.java:109] Parsed article: Lợi ích bất ngờ từ món súp lơ xanh xào, người Việt vẫn chế biến mỗi ngày
2025-04-11 14:45:05,419 INFO [DefaultQuartzScheduler_Worker-1] c.d.w.ArticleParser [ArticleParser.java:109] Parsed article: Top thực phẩm ngăn ngừa nếp nhăn, duy trì làn da trẻ trung
2025-04-11 14:45:05,766 INFO [DefaultQuartzScheduler_Worker-1] c.d.w.ArticleParser [ArticleParser.java:109] Parsed article: 5 loại thực phẩm bác sĩ khuyên bạn nên ăn để sống thọ, sống khỏe
2025-04-11 14:45:11,263 INFO [DefaultQuartzScheduler_Worker-1] c.d.w.ArticleParser [ArticleParser.java:109] Parsed article: Quan hệ với bạn gái quen qua mạng, chàng trai bị bệnh lậu ở mắt
2025-04-11 14:45:11,963 INFO [DefaultQuartzScheduler_Worker-1] c.d.w.ArticleParser [ArticleParser.java:109] Parsed article: Bỗng dưng bị cong dương vật, người đàn ông cầu cứu bác sĩ
2025-04-11 14:45:12,315 INFO [DefaultQuartzScheduler_Worker-1] c.d.w.ArticleParser [ArticleParser.java:109] Parsed article: Vợ chồng quan hệ tần suất như thế nào là phù hợp?
2025-04-11 14:45:13,000 INFO [DefaultQuartzScheduler_Worker-1] c.d.w.ArticleParser [ArticleParser.java:109] Parsed article: Nghiện xem sex và làm chuyện ấy, nam thanh niên phải đi khám tâm thần
2025-04-11 14:45:13,918 INFO [DefaultQuartzScheduler_Worker-1] c.d.w.ArticleParser [ArticleParser.java:109] Parsed article: Chị em làm "chuyện ấy" càng nhiều, càng thông minh và nhớ lâu
2025-04-11 14:45:14,841 INFO [DefaultQuartzScheduler_Worker-1] c.d.w.ArticleParser [ArticleParser.java:109] Parsed article: Rượu có "giết chết" tinh trùng không?
2025-04-11 14:45:15,181 INFO [DefaultQuartzScheduler_Worker-1] c.d.w.ArticleParser [ArticleParser.java:109] Parsed article: Hà Nội: Bác sĩ phát hoảng vì nhiều học sinh mới lớp 8 đã làm "chuyện ấy"
2025-04-11 14:45:16,162 INFO [DefaultQuartzScheduler_Worker-1] c.d.w.ArticleParser [ArticleParser.java:109] Parsed article: Thói quen sau khi "lâm trận" khiến chị em rước bệnh vào người
2025-04-11 14:45:17,077 INFO [DefaultQuartzScheduler_Worker-1] c.d.w.ArticleParser [ArticleParser.java:109] Parsed article: Chồng lười làm việc nhà sẽ khiến phụ nữ giảm ham muốn
2025-04-11 14:45:17,810 INFO [DefaultQuartzScheduler_Worker-1] c.d.w.ArticleParser [ArticleParser.java:109] Parsed article: Sau lần quan hệ rách bao, nam thanh niên sùi mào gà đốt 15 lần chưa hết
2025-04-11 14:45:18,155 INFO [DefaultQuartzScheduler_Worker-1] c.d.w.ArticleParser [ArticleParser.java:109] Parsed article: Chàng trai 19 tuổi ở Hà Nội mắc bệnh lậu, số bạn tình "không đếm được"
2025-04-11 14:45:18,915 INFO [DefaultQuartzScheduler_Worker-1] c.d.w.ArticleParser [ArticleParser.java:109] Parsed article: Lợi ích và tác hại của thủ dâm ở nữ giới
2025-04-11 14:45:19,257 INFO [DefaultQuartzScheduler_Worker-1] c.d.w.ArticleParser [ArticleParser.java:109] Parsed article: Thói quen của hơn 40% đàn ông Việt có thể gây "hỏng súng"
2025-04-11 14:45:20,293 INFO [DefaultQuartzScheduler_Worker-1] c.d.w.ArticleParser [ArticleParser.java:109] Parsed article: Làm thế nào để thoát khỏi sự cương cứng không mong muốn?
2025-04-11 14:45:20,630 INFO [DefaultQuartzScheduler_Worker-1] c.d.w.ArticleParser [ArticleParser.java:109] Parsed article: Trời rét, liên tiếp 3 ca phải cắt bỏ "hạt ngọc" vì bị xoắn tinh hoàn
2025-04-11 14:45:21,434 INFO [DefaultQuartzScheduler_Worker-1] c.d.w.ArticleParser [ArticleParser.java:109] Parsed article: Có dễ dính bầu không nếu bạn trai chỉ xuất tinh ngoài?
2025-04-11 14:45:22,565 INFO [DefaultQuartzScheduler_Worker-1] c.d.w.ArticleParser [ArticleParser.java:109] Parsed article: Uống ít nước có khiến nam giới khó lên đỉnh?
2025-04-11 14:45:22,913 INFO [DefaultQuartzScheduler_Worker-1] c.d.w.ArticleParser [ArticleParser.java:109] Parsed article: Tôi có nên đi nới rộng "cô bé" trước quan hệ?
2025-04-11 14:45:23,727 INFO [DefaultQuartzScheduler_Worker-1] c.d.w.ArticleParser [ArticleParser.java:109] Parsed article: Tần suất quan hệ như thế nào để dễ có con?
2025-04-11 14:45:24,433 INFO [DefaultQuartzScheduler_Worker-1] c.d.w.ArticleParser [ArticleParser.java:109] Parsed article: Vì sao chị em dị ứng với tinh trùng?
2025-04-11 14:45:28,578 INFO [DefaultQuartzScheduler_Worker-1] c.d.w.ArticleParser [ArticleParser.java:109] Parsed article: "Cô nàng thư giãn" là gì mà gây sốt trên mạng xã hội?
2025-04-11 14:45:28,918 INFO [DefaultQuartzScheduler_Worker-1] c.d.w.ArticleParser [ArticleParser.java:109] Parsed article: Quyết tâm tiết kiệm tiền, giới trẻ Trung Quốc chăm sóc da bằng... nước lọc
2025-04-11 14:45:29,259 INFO [DefaultQuartzScheduler_Worker-1] c.d.w.ArticleParser [ArticleParser.java:109] Parsed article: Chi tiền tiêm botox trẻ hóa, Gen Z vô tình biến mình thành... người già
2025-04-11 14:45:29,599 INFO [DefaultQuartzScheduler_Worker-1] c.d.w.ArticleParser [ArticleParser.java:109] Parsed article: Cocolux khai trương cơ sở 102 Bà Triệu: Dấu ấn mới trên hành trình 10 năm
2025-04-11 14:45:29,941 INFO [DefaultQuartzScheduler_Worker-1] c.d.w.ArticleParser [ArticleParser.java:109] Parsed article: Đời thường của nam sinh trường Đại học Sư phạm Hà Nội gây sốt vì điển trai
2025-04-11 14:45:30,288 INFO [DefaultQuartzScheduler_Worker-1] c.d.w.ArticleParser [ArticleParser.java:109] Parsed article: Giải đấu Audition Vietnam Championship 2024 - sân chơi Esports chuyên nghiệp
2025-04-11 14:45:30,634 INFO [DefaultQuartzScheduler_Worker-1] c.d.w.ArticleParser [ArticleParser.java:109] Parsed article: Hà Nội: Người trẻ đi bar 6 lần một tuần để... làm việc
2025-04-11 14:45:30,979 INFO [DefaultQuartzScheduler_Worker-1] c.d.w.ArticleParser [ArticleParser.java:109] Parsed article: "Đám giỗ bên cồn" là gì mà gây sốt mạng xã hội?
2025-04-11 14:45:31,326 INFO [DefaultQuartzScheduler_Worker-1] c.d.w.ArticleParser [ArticleParser.java:109] Parsed article: Hà Nội: Giới trẻ nghỉ làm, vật vờ 9 tiếng xếp hàng chờ mua "búp bê khóc"
2025-04-11 14:45:31,669 INFO [DefaultQuartzScheduler_Worker-1] c.d.w.ArticleParser [ArticleParser.java:109] Parsed article: Gen Z Trung Quốc sẵn sàng vay nợ để mua đồ ủng hộ thần tượng anime
2025-04-11 14:45:32,015 INFO [DefaultQuartzScheduler_Worker-1] c.d.w.ArticleParser [ArticleParser.java:109] Parsed article: Gen Z rộ trào lưu "yêu tạm bợ": Cuối năm hẹn hò, đầu năm sau chia tay
2025-04-11 14:45:32,356 INFO [DefaultQuartzScheduler_Worker-1] c.d.w.ArticleParser [ArticleParser.java:109] Parsed article: 14 đội bóng rổ sinh viên đối đầu tại vòng chung kết toàn quốc
2025-04-11 14:45:32,696 INFO [DefaultQuartzScheduler_Worker-1] c.d.w.ArticleParser [ArticleParser.java:109] Parsed article: Mỹ nhân làng bóng rổ xinh đẹp sở hữu chiều cao 1,9m
2025-04-11 14:45:33,045 INFO [DefaultQuartzScheduler_Worker-1] c.d.w.ArticleParser [ArticleParser.java:109] Parsed article: Diễn viên Nhật Kim Anh ra mắt bộ sưu tập nước hoa mới với thương hiệu Laura Sunshine
2025-04-11 14:45:33,387 INFO [DefaultQuartzScheduler_Worker-1] c.d.w.ArticleParser [ArticleParser.java:109] Parsed article: Hà Nội: Giới trẻ đi 20km, chờ vài tiếng đồng hồ để chụp ảnh Giáng sinh sớm
2025-04-11 14:45:33,728 INFO [DefaultQuartzScheduler_Worker-1] c.d.w.ArticleParser [ArticleParser.java:109] Parsed article: Về quê làm rẫy, anh nông dân đẹp trai cao 1m82 ở Tây Nguyên bỗng nổi tiếng
2025-04-11 14:45:34,074 INFO [DefaultQuartzScheduler_Worker-1] c.d.w.ArticleParser [ArticleParser.java:109] Parsed article: ShopeeFood khởi đầu 2025 bùng nổ cùng tân đại sứ thương hiệu
2025-04-11 14:45:34,414 INFO [DefaultQuartzScheduler_Worker-1] c.d.w.ArticleParser [ArticleParser.java:109] Parsed article: Nhiều cô gái trả tiền triệu thuê bạn trai giả dịp Tết để... đối phó cha mẹ
2025-04-11 14:45:34,754 INFO [DefaultQuartzScheduler_Worker-1] c.d.w.ArticleParser [ArticleParser.java:109] Parsed article: Chú rể Hà Nội đọc lời thề như báo cáo khoa học thu hút triệu lượt xem
2025-04-11 14:45:35,096 INFO [DefaultQuartzScheduler_Worker-1] c.d.w.ArticleParser [ArticleParser.java:109] Parsed article: Mắc cùng lúc 2 loại ung thư, nữ sinh 19 tuổi vẫn đỗ Đại học Ngoại thương
2025-04-11 14:45:43,593 INFO [DefaultQuartzScheduler_Worker-1] c.d.w.ArticleParser [ArticleParser.java:109] Parsed article: Uống bao nhiêu cà phê là quá nhiều?
2025-04-11 14:45:43,933 INFO [DefaultQuartzScheduler_Worker-1] c.d.w.ArticleParser [ArticleParser.java:109] Parsed article: 6 loại đồ uống tự làm giúp gan khỏe hơn
2025-04-11 14:45:44,275 INFO [DefaultQuartzScheduler_Worker-1] c.d.w.ArticleParser [ArticleParser.java:109] Parsed article: Nghệ có gây hại thận của bạn không?
2025-04-11 14:45:44,615 INFO [DefaultQuartzScheduler_Worker-1] c.d.w.ArticleParser [ArticleParser.java:109] Parsed article: Trong ngày nắng nóng, đừng bỏ qua 7 loại đồ uống giúp giải nhiệt này
2025-04-11 14:45:44,951 INFO [DefaultQuartzScheduler_Worker-1] c.d.w.ArticleParser [ArticleParser.java:109] Parsed article: Những ai không nên ăn nhiều cà tím?
2025-04-11 14:45:45,289 INFO [DefaultQuartzScheduler_Worker-1] c.d.w.ArticleParser [ArticleParser.java:109] Parsed article: Ăn lạc tốt hay xấu cho mỡ máu?
2025-04-11 14:45:45,630 INFO [DefaultQuartzScheduler_Worker-1] c.d.w.ArticleParser [ArticleParser.java:109] Parsed article: Ăn cà chua sống hay nấu chín tốt hơn?
2025-04-11 14:45:45,970 INFO [DefaultQuartzScheduler_Worker-1] c.d.w.ArticleParser [ArticleParser.java:109] Parsed article: 6 loại trái cây mang lại lợi ích bất ngờ cho sức khỏe, ngừa bệnh tật
2025-04-11 14:45:46,308 INFO [DefaultQuartzScheduler_Worker-1] c.d.w.ArticleParser [ArticleParser.java:109] Parsed article: Tác dụng bất ngờ của khế với sức khỏe
2025-04-11 14:45:46,650 INFO [DefaultQuartzScheduler_Worker-1] c.d.w.ArticleParser [ArticleParser.java:109] Parsed article: Uống nước trước bữa ăn có thực sự giúp bạn giảm cân?
2025-04-11 14:45:46,986 INFO [DefaultQuartzScheduler_Worker-1] c.d.w.ArticleParser [ArticleParser.java:109] Parsed article: Ăn nhiều trứng có dẫn đến sỏi túi mật?
2025-04-11 14:45:47,324 INFO [DefaultQuartzScheduler_Worker-1] c.d.w.ArticleParser [ArticleParser.java:109] Parsed article: Nữ diễn viên giảm 50kg tiết lộ cách uống cà phê "siêu đốt mỡ"
2025-04-11 14:45:47,668 INFO [DefaultQuartzScheduler_Worker-1] c.d.w.ArticleParser [ArticleParser.java:109] Parsed article: Ngày nào cũng ăn chuối có sao không?
2025-04-11 14:45:48,007 INFO [DefaultQuartzScheduler_Worker-1] c.d.w.ArticleParser [ArticleParser.java:109] Parsed article: Ăn ngũ cốc nguyên hạt giúp tăng tuổi thọ: Bao nhiêu là đủ?
2025-04-11 14:45:48,344 INFO [DefaultQuartzScheduler_Worker-1] c.d.w.ArticleParser [ArticleParser.java:109] Parsed article: Những lợi ích bất ngờ khi bạn ăn xoài mỗi ngày
2025-04-11 14:45:48,926 INFO [DefaultQuartzScheduler_Worker-1] c.d.w.ArticleParser [ArticleParser.java:109] Parsed article: Vì sao nhiều người Việt thiếu canxi dù ăn tôm, cua?
2025-04-11 14:45:49,266 INFO [DefaultQuartzScheduler_Worker-1] c.d.w.ArticleParser [ArticleParser.java:109] Parsed article: Ăn ít đi có giúp bạn sống lâu hơn?
2025-04-11 14:45:49,945 INFO [DefaultQuartzScheduler_Worker-1] c.d.w.ArticleParser [ArticleParser.java:109] Parsed article: Giá vàng vượt 106 triệu đồng/lượng, cửa hàng ở Hà Nội, TPHCM tấp nập khách
2025-04-11 14:46:03,204 INFO [DefaultQuartzScheduler_Worker-1] c.d.w.ArticleParser [ArticleParser.java:109] Parsed article: ISW: Khó nhất trí về lệnh ngừng bắn hoàn toàn ở Ukraine trong 3 tuần tới
2025-04-11 14:46:03,546 INFO [DefaultQuartzScheduler_Worker-1] c.d.w.ArticleParser [ArticleParser.java:109] Parsed article: F-16 Ukraine lập kỷ lục chiến đấu: Nga phải đổi chiến thuật
2025-04-11 14:46:03,886 INFO [DefaultQuartzScheduler_Worker-1] c.d.w.ArticleParser [ArticleParser.java:109] Parsed article: Nga cáo buộc Anh - Pháp hỗ trợ Ukraine tấn công cơ sở hạ tầng ở Kursk
2025-04-11 14:46:04,229 INFO [DefaultQuartzScheduler_Worker-1] c.d.w.ArticleParser [ArticleParser.java:109] Parsed article: Chiến sự Ukraine 31/3: Quân tiếp viện Nga đến Belgorod, Kiev trả giá đắt
2025-04-11 14:46:04,574 INFO [DefaultQuartzScheduler_Worker-1] c.d.w.ArticleParser [ArticleParser.java:109] Parsed article: Chiến sự Ukraine 29/3: Kiev phản đòn khẩn cấp, phủ đầu quân Nga ở Belgorod
2025-04-11 14:46:04,913 INFO [DefaultQuartzScheduler_Worker-1] c.d.w.ArticleParser [ArticleParser.java:109] Parsed article: Chiến sự Ukraine 1/4: Nga phá vỡ phòng tuyến nam Donetsk, kiểm soát Razliv
2025-04-11 14:46:05,258 INFO [DefaultQuartzScheduler_Worker-1] c.d.w.ArticleParser [ArticleParser.java:109] Parsed article: Nghị sĩ Iran kêu gọi Tehran phát triển bom hạt nhân sau cảnh báo của Mỹ
2025-04-11 14:46:05,601 INFO [DefaultQuartzScheduler_Worker-1] c.d.w.ArticleParser [ArticleParser.java:109] Parsed article: Chuyên gia dự đoán kế hoạch của Nga sau ngừng bắn một phần với Ukraine
2025-04-11 14:46:05,942 INFO [DefaultQuartzScheduler_Worker-1] c.d.w.ArticleParser [ArticleParser.java:109] Parsed article: Tổng thống Trump: Nga - Ukraine đang mất 2.500 thanh niên mỗi tuần
2025-04-11 14:46:06,284 INFO [DefaultQuartzScheduler_Worker-1] c.d.w.ArticleParser [ArticleParser.java:109] Parsed article: Chiến sự Ukraine 30/3: Nga xuyên thủng phòng tuyến, Kiev sụp đổ cục bộ
2025-04-11 14:46:06,631 INFO [DefaultQuartzScheduler_Worker-1] c.d.w.ArticleParser [ArticleParser.java:109] Parsed article: Ukraine tung đội quân 15.000 robot bù đắp "cơn khát" binh sĩ
2025-04-11 14:46:06,975 INFO [DefaultQuartzScheduler_Worker-1] c.d.w.ArticleParser [ArticleParser.java:109] Parsed article: Làn sóng thanh niên Ukraine xin tị nạn ở Ba Lan để trốn nhập ngũ
2025-04-11 14:46:07,315 INFO [DefaultQuartzScheduler_Worker-1] c.d.w.ArticleParser [ArticleParser.java:109] Parsed article: Binh sĩ Nga "độn thổ", tìm cách đánh úp xuyên qua phòng tuyến Ukraine
2025-04-11 14:46:07,659 INFO [DefaultQuartzScheduler_Worker-1] c.d.w.ArticleParser [ArticleParser.java:109] Parsed article: Từ song sắt đến mặt trận: Tù nhân Ukraine tham chiến ở Donbass
2025-04-11 14:46:07,997 INFO [DefaultQuartzScheduler_Worker-1] c.d.w.ArticleParser [ArticleParser.java:109] Parsed article: Ông Trump ra "hạn chót tâm lý" cho Nga đồng ý ngừng bắn ở Ukraine
2025-04-11 14:46:08,338 INFO [DefaultQuartzScheduler_Worker-1] c.d.w.ArticleParser [ArticleParser.java:109] Parsed article: Nga tăng cường phục kích vào hậu cần Ukraine
2025-04-11 14:46:08,704 INFO [DefaultQuartzScheduler_Worker-1] c.d.w.ArticleParser [ArticleParser.java:109] Parsed article: Tướng Kiev nêu điều châu Âu có thể làm thay vì gửi quân tới Ukraine
2025-04-11 14:46:09,044 INFO [DefaultQuartzScheduler_Worker-1] c.d.w.ArticleParser [ArticleParser.java:109] Parsed article: EU cân nhắc đưa lực lượng không quân, hải quân đến Ukraine
2025-04-11 14:46:09,390 INFO [DefaultQuartzScheduler_Worker-1] c.d.w.ArticleParser [ArticleParser.java:109] Parsed article: Zaporizhia tăng nhiệt: Chiến lược tấn công "thẩm thấu" của Nga hiệu quả
2025-04-11 14:46:09,726 INFO [DefaultQuartzScheduler_Worker-1] c.d.w.ArticleParser [ArticleParser.java:109] Parsed article: Thế khó của Ukraine khi Mỹ đề nghị trả lại viện trợ kèm lãi suất
2025-04-11 14:46:14,461 INFO [DefaultQuartzScheduler_Worker-1] c.d.w.ArticleParser [ArticleParser.java:109] Parsed article: Cô gái bỏng nặng vì giác hơi bụng để... chữa ung thư
2025-04-11 14:46:14,805 INFO [DefaultQuartzScheduler_Worker-1] c.d.w.ArticleParser [ArticleParser.java:109] Parsed article: "2 giảm, 3 tăng" chỉ điểm loại ung thư nguy hiểm hàng đầu
2025-04-11 14:46:15,154 INFO [DefaultQuartzScheduler_Worker-1] c.d.w.ArticleParser [ArticleParser.java:109] Parsed article: Kéo dài sự sống cho bệnh nhân ung thư nhờ kỹ thuật cao
2025-04-11 14:46:15,496 INFO [DefaultQuartzScheduler_Worker-1] c.d.w.ArticleParser [ArticleParser.java:109] Parsed article: Khám sức khỏe định kỳ, nữ bệnh nhân phát hiện mắc 2 bệnh ung thư nguy hiểm
2025-04-11 14:46:15,841 INFO [DefaultQuartzScheduler_Worker-1] c.d.w.ArticleParser [ArticleParser.java:109] Parsed article: Khối u nặng 2kg choán hết lồng ngực bệnh nhân
2025-04-11 14:46:16,183 INFO [DefaultQuartzScheduler_Worker-1] c.d.w.ArticleParser [ArticleParser.java:109] Parsed article: Điều trị thành công cho bệnh nhân ung thư giáp di căn xương không thể phẫu thuật
2025-04-11 14:46:16,525 INFO [DefaultQuartzScheduler_Worker-1] c.d.w.ArticleParser [ArticleParser.java:109] Parsed article: Điểm mặt những loại ung thư thường gặp ở nữ: Bệnh nào tử vong nhiều nhất?
2025-04-11 14:46:16,870 INFO [DefaultQuartzScheduler_Worker-1] c.d.w.ArticleParser [ArticleParser.java:109] Parsed article: Cô bé 15 tuổi giữ được chân sau điều trị ung thư xương
2025-04-11 14:46:17,208 INFO [DefaultQuartzScheduler_Worker-1] c.d.w.ArticleParser [ArticleParser.java:109] Parsed article: Bác sĩ Nhật Bản chỉ 6 cách ngừa ung thư ai cũng làm được
2025-04-11 14:46:33,575 INFO [DefaultQuartzScheduler_Worker-1] c.d.w.ArticleParser [ArticleParser.java:109] Parsed article: Mức tiền thưởng các danh hiệu thi đua khen thưởng năm 2025
2025-04-11 14:46:33,928 INFO [DefaultQuartzScheduler_Worker-1] c.d.w.ArticleParser [ArticleParser.java:109] Parsed article: Đà Nẵng thưởng Tết cao nhất 700 triệu đồng
2025-04-11 14:46:34,285 INFO [DefaultQuartzScheduler_Worker-1] c.d.w.ArticleParser [ArticleParser.java:109] Parsed article: Lương tối thiểu tăng 6%, thu nhập bình quân của lao động 8,5 triệu đồng
2025-04-11 14:46:34,626 INFO [DefaultQuartzScheduler_Worker-1] c.d.w.ArticleParser [ArticleParser.java:109] Parsed article: Lương quản lý trong doanh nghiệp nhà nước lên đến 300 triệu đồng/tháng
2025-04-11 14:46:34,967 INFO [DefaultQuartzScheduler_Worker-1] c.d.w.ArticleParser [ArticleParser.java:109] Parsed article: Những khoản tiền người lao động có thể nhận dịp Tết Dương lịch
2025-04-11 14:46:35,317 INFO [DefaultQuartzScheduler_Worker-1] c.d.w.ArticleParser [ArticleParser.java:109] Parsed article: Chi tiết bảng lương viên chức năm 2025
2025-04-11 14:46:35,661 INFO [DefaultQuartzScheduler_Worker-1] c.d.w.ArticleParser [ArticleParser.java:109] Parsed article: Thưởng Tết nơi trăm triệu đồng, chỗ chỉ bằng tô phở
2025-04-11 14:46:36,015 INFO [DefaultQuartzScheduler_Worker-1] c.d.w.ArticleParser [ArticleParser.java:109] Parsed article: Cập nhật 20 tỉnh thành công bố thưởng Tết: Địa phương nào dẫn đầu?
2025-04-11 14:46:36,357 INFO [DefaultQuartzScheduler_Worker-1] c.d.w.ArticleParser [ArticleParser.java:109] Parsed article: Người có mức lương gần 400 triệu đồng/tháng nhận thưởng Tết ra sao?
2025-04-11 14:46:36,697 INFO [DefaultQuartzScheduler_Worker-1] c.d.w.ArticleParser [ArticleParser.java:109] Parsed article: Những khoản tiền người lao động được nhận dịp Tết Nguyên đán 2025
2025-04-11 14:46:37,043 INFO [DefaultQuartzScheduler_Worker-1] c.d.w.ArticleParser [ArticleParser.java:109] Parsed article: TPHCM thưởng Tết 2025 cao nhất hơn 1,9 tỷ đồng
2025-04-11 14:46:37,383 INFO [DefaultQuartzScheduler_Worker-1] c.d.w.ArticleParser [ArticleParser.java:109] Parsed article: Chi tiết bảng lương cán bộ, công chức năm 2025
2025-04-11 14:46:37,726 INFO [DefaultQuartzScheduler_Worker-1] c.d.w.ArticleParser [ArticleParser.java:109] Parsed article: Hà Nội: Thưởng Tết cao nhất 311 triệu đồng
2025-04-11 14:46:38,077 INFO [DefaultQuartzScheduler_Worker-1] c.d.w.ArticleParser [ArticleParser.java:109] Parsed article: Lao động có mức lương 370 triệu đồng/tháng thuộc về doanh nghiệp nào?
2025-04-11 14:46:38,429 INFO [DefaultQuartzScheduler_Worker-1] c.d.w.ArticleParser [ArticleParser.java:109] Parsed article: Thưởng Tết 2025: Ngành nào có mức thưởng triển vọng?
2025-04-11 14:46:38,785 INFO [DefaultQuartzScheduler_Worker-1] c.d.w.ArticleParser [ArticleParser.java:109] Parsed article: Thưởng Tết ở Bình Dương: Dự kiến cao nhất 375 triệu, thấp nhất 4,9 triệu
2025-04-11 14:46:39,132 INFO [DefaultQuartzScheduler_Worker-1] c.d.w.ArticleParser [ArticleParser.java:109] Parsed article: Công chức, viên chức có được nhận thưởng Tết?
2025-04-11 14:46:39,483 INFO [DefaultQuartzScheduler_Worker-1] c.d.w.ArticleParser [ArticleParser.java:109] Parsed article: Quy định về thưởng Tết 2025 người lao động cần biết
2025-04-11 14:46:39,826 INFO [DefaultQuartzScheduler_Worker-1] c.d.w.ArticleParser [ArticleParser.java:109] Parsed article: Lao động có tiền lương gần 900 triệu đồng/tháng làm công việc gì?
2025-04-11 14:46:40,168 INFO [DefaultQuartzScheduler_Worker-1] c.d.w.ArticleParser [ArticleParser.java:109] Parsed article: Chi tiết bảng lương của giáo viên các cấp mới nhất năm 2025
2025-04-11 14:46:44,056 INFO [DefaultQuartzScheduler_Worker-1] c.d.w.ArticleParser [ArticleParser.java:109] Parsed article: Thông tin về sắp xếp xã, phường mới ở Hà Nội
2025-04-11 14:46:44,400 INFO [DefaultQuartzScheduler_Worker-1] c.d.w.ArticleParser [ArticleParser.java:109] Parsed article: Cần Thơ đề xuất giảm hơn 50% phường, xã
2025-04-11 14:46:44,734 INFO [DefaultQuartzScheduler_Worker-1] c.d.w.ArticleParser [ArticleParser.java:109] Parsed article: Hà Nội dự kiến giảm 50% số xã phường, nêu tiêu chí đặt tên mới
2025-04-11 14:46:49,903 INFO [DefaultQuartzScheduler_Worker-1] c.d.w.WebCrawler [WebCrawler.java:111] Reached max URLs per crawl (500), stopping. Queue size: 69719
2025-04-11 14:46:49,903 INFO [DefaultQuartzScheduler_Worker-1] c.d.w.WebCrawler [WebCrawler.java:116] Finished BFS crawl. Processed 500 URLs.
2025-04-11 14:46:49,903 INFO [DefaultQuartzScheduler_Worker-1] c.d.w.CrawlWebsiteJob [CrawlWebsiteJob.java:37] Finished scheduled crawl job.
2025-04-11 14:47:22,059 INFO [DefaultQuartzScheduler_Worker-2] c.d.w.CrawlWebsiteJob [CrawlWebsiteJob.java:27] Starting scheduled crawl job...
2025-04-11 14:47:22,059 INFO [DefaultQuartzScheduler_Worker-2] c.d.w.WebCrawler [WebCrawler.java:40] Starting BFS crawl from: https://dantri.com.vn/
2025-04-11 14:47:22,059 INFO [DefaultQuartzScheduler_Worker-2] c.d.w.WebCrawler [WebCrawler.java:133] Data spans 6 months or more, using default max level: 2
2025-04-11 14:47:22,059 INFO [DefaultQuartzScheduler_Worker-2] c.d.w.WebCrawler [WebCrawler.java:43] Max level for this crawl: 2
2025-04-11 14:50:16,933 INFO [DefaultQuartzScheduler_Worker-2] c.d.w.WebCrawler [WebCrawler.java:111] Reached max URLs per crawl (500), stopping. Queue size: 69719
2025-04-11 14:50:16,933 INFO [DefaultQuartzScheduler_Worker-2] c.d.w.WebCrawler [WebCrawler.java:116] Finished BFS crawl. Processed 500 URLs.
2025-04-11 14:50:16,933 INFO [DefaultQuartzScheduler_Worker-2] c.d.w.CrawlWebsiteJob [CrawlWebsiteJob.java:37] Finished scheduled crawl job.
2025-04-11 14:52:22,059 INFO [DefaultQuartzScheduler_Worker-3] c.d.w.CrawlWebsiteJob [CrawlWebsiteJob.java:27] Starting scheduled crawl job...
2025-04-11 14:52:22,059 INFO [DefaultQuartzScheduler_Worker-3] c.d.w.WebCrawler [WebCrawler.java:40] Starting BFS crawl from: https://dantri.com.vn/
2025-04-11 14:52:22,059 INFO [DefaultQuartzScheduler_Worker-3] c.d.w.WebCrawler [WebCrawler.java:133] Data spans 6 months or more, using default max level: 2
2025-04-11 14:52:22,059 INFO [DefaultQuartzScheduler_Worker-3] c.d.w.WebCrawler [WebCrawler.java:43] Max level for this crawl: 2
2025-04-11 14:55:13,688 INFO [DefaultQuartzScheduler_Worker-3] c.d.w.WebCrawler [WebCrawler.java:111] Reached max URLs per crawl (500), stopping. Queue size: 69719
2025-04-11 14:55:13,688 INFO [DefaultQuartzScheduler_Worker-3] c.d.w.WebCrawler [WebCrawler.java:116] Finished BFS crawl. Processed 500 URLs.
2025-04-11 14:55:13,688 INFO [DefaultQuartzScheduler_Worker-3] c.d.w.CrawlWebsiteJob [CrawlWebsiteJob.java:37] Finished scheduled crawl job.
2025-04-11 14:57:06,157 INFO [Thread-0] o.q.c.QuartzScheduler [QuartzScheduler.java:666] Scheduler DefaultQuartzScheduler_$_NON_CLUSTERED shutting down.
2025-04-11 14:57:06,159 INFO [Thread-0] o.q.c.QuartzScheduler [QuartzScheduler.java:585] Scheduler DefaultQuartzScheduler_$_NON_CLUSTERED paused.
2025-04-11 14:57:06,657 INFO [Thread-0] o.q.c.QuartzScheduler [QuartzScheduler.java:740] Scheduler DefaultQuartzScheduler_$_NON_CLUSTERED shutdown complete.
2025-04-11 14:57:06,657 INFO [Thread-0] c.d.w.MainCrawler [MainCrawler.java:43] Scheduler shut down successfully.
